{"C:\\Users\\KESTULKA\\Desktop\\jestPlayground\\basic units testing\\cloneArray.js": {"path":"C:\\Users\\KESTULKA\\Desktop\\jestPlayground\\basic units testing\\cloneArray.js","statementMap":{"0":{"start":{"line":2,"column":2},"end":{"line":2,"column":20}},"1":{"start":{"line":5,"column":0},"end":{"line":5,"column":28}}},"fnMap":{"0":{"name":"cloneArray","decl":{"start":{"line":1,"column":9},"end":{"line":1,"column":19}},"loc":{"start":{"line":1,"column":27},"end":{"line":3,"column":1}},"line":1}},"branchMap":{},"s":{"0":3,"1":1},"f":{"0":3},"b":{},"_coverageSchema":"1a1c01bbd47fc00a2c39e90264f33305004495a9","hash":"3d0d299280725e95d1b3b801b2836996fde49274"}
,"C:\\Users\\KESTULKA\\Desktop\\jestPlayground\\basic units testing\\subtract.js": {"path":"C:\\Users\\KESTULKA\\Desktop\\jestPlayground\\basic units testing\\subtract.js","statementMap":{"0":{"start":{"line":2,"column":2},"end":{"line":2,"column":15}},"1":{"start":{"line":5,"column":0},"end":{"line":5,"column":26}}},"fnMap":{"0":{"name":"subtract","decl":{"start":{"line":1,"column":9},"end":{"line":1,"column":17}},"loc":{"start":{"line":1,"column":24},"end":{"line":3,"column":1}},"line":1}},"branchMap":{},"s":{"0":1,"1":1},"f":{"0":1},"b":{},"_coverageSchema":"1a1c01bbd47fc00a2c39e90264f33305004495a9","hash":"79a37012047abbb305b18f169e3f925c3e9d4721"}
,"C:\\Users\\KESTULKA\\Desktop\\jestPlayground\\basic units testing\\sum.js": {"path":"C:\\Users\\KESTULKA\\Desktop\\jestPlayground\\basic units testing\\sum.js","statementMap":{"0":{"start":{"line":2,"column":2},"end":{"line":2,"column":15}},"1":{"start":{"line":5,"column":0},"end":{"line":5,"column":21}}},"fnMap":{"0":{"name":"sum","decl":{"start":{"line":1,"column":9},"end":{"line":1,"column":12}},"loc":{"start":{"line":1,"column":19},"end":{"line":3,"column":1}},"line":1}},"branchMap":{},"s":{"0":1,"1":1},"f":{"0":1},"b":{},"_coverageSchema":"1a1c01bbd47fc00a2c39e90264f33305004495a9","hash":"423cf8beed40d2121bafc317e55c606bf8caf240"}
}
